<?xml version="1.0" encoding="UTF-8"?>
<testsuite xmlns:xsi="http://www.w3.org/2001/XMLSchema-instance" xsi:noNamespaceSchemaLocation="https://maven.apache.org/surefire/maven-surefire-plugin/xsd/surefire-test-report-3.0.xsd" version="3.0" name="com.example.nms.ConfigurationManagementServiceApplicationTests" time="9.821" tests="1" errors="0" skipped="0" failures="0">
  <properties>
[...]
</properties>
  <testcase name="contextLoads" classname="com.example.nms.ConfigurationManagementServiceApplicationTests" time="0.764">
    <system-out><![CDATA[19:44:23.566 [main] INFO org.springframework.test.context.support.AnnotationConfigContextLoaderUtils -- Could not detect default configuration classes for test class [com.example.nms.ConfigurationManagementServiceApplicationTests]: ConfigurationManagementServiceApplicationTests does not declare any static, non-private, non-final, nested classes annotated with @Configuration.
19:44:23.706 [main] INFO org.springframework.boot.test.context.SpringBootTestContextBootstrapper -- Found @SpringBootConfiguration com.example.nms.ConfigurationManagementServiceApplication for test class com.example.nms.ConfigurationManagementServiceApplicationTests
19:44:23.968 [main] INFO org.springframework.boot.devtools.restart.RestartApplicationListener -- Restart disabled due to context in which it is running

  .   ____          _            __ _ _
 /\\ / ___'_ __ _ _(_)_ __  __ _ \ \ \ \
( ( )\___ | '_ | '_| | '_ \/ _` | \ \ \ \
 \\/  ___)| |_)| | | | | || (_| |  ) ) ) )
  '  |____| .__|_| |_|_| |_\__, | / / / /
 =========|_|==============|___/=/_/_/_/

 :: Spring Boot ::                (v3.3.2)

2024-08-11T19:44:24.297+05:30  INFO 6924 --- [configuration-management-service] [           main] urationManagementServiceApplicationTests : Starting ConfigurationManagementServiceApplicationTests using Java 21.0.3 with PID 6924 (started by dheer in C:\Users\dheer\Downloads\cms1.1 (2)\cms1.1)
2024-08-11T19:44:24.298+05:30  INFO 6924 --- [configuration-management-service] [           main] urationManagementServiceApplicationTests : No active profile set, falling back to 1 default profile: "default"
2024-08-11T19:44:25.690+05:30  INFO 6924 --- [configuration-management-service] [           main] .s.d.r.c.RepositoryConfigurationDelegate : Bootstrapping Spring Data JPA repositories in DEFAULT mode.
2024-08-11T19:44:25.751+05:30  INFO 6924 --- [configuration-management-service] [           main] .s.d.r.c.RepositoryConfigurationDelegate : Finished Spring Data repository scanning in 51 ms. Found 1 JPA repository interface.
2024-08-11T19:44:26.834+05:30  INFO 6924 --- [configuration-management-service] [           main] o.hibernate.jpa.internal.util.LogHelper  : HHH000204: Processing PersistenceUnitInfo [name: default]
2024-08-11T19:44:26.965+05:30  INFO 6924 --- [configuration-management-service] [           main] org.hibernate.Version                    : HHH000412: Hibernate ORM core version 6.5.2.Final
2024-08-11T19:44:27.035+05:30  INFO 6924 --- [configuration-management-service] [           main] o.h.c.internal.RegionFactoryInitiator    : HHH000026: Second-level cache disabled
2024-08-11T19:44:27.644+05:30  INFO 6924 --- [configuration-management-service] [           main] o.s.o.j.p.SpringPersistenceUnitInfo      : No LoadTimeWeaver setup: ignoring JPA class transformer
2024-08-11T19:44:27.697+05:30  INFO 6924 --- [configuration-management-service] [           main] com.zaxxer.hikari.HikariDataSource       : HikariPool-1 - Starting...
2024-08-11T19:44:28.242+05:30  INFO 6924 --- [configuration-management-service] [           main] com.zaxxer.hikari.pool.HikariPool        : HikariPool-1 - Added connection com.mysql.cj.jdbc.ConnectionImpl@1ab1d93d
2024-08-11T19:44:28.246+05:30  INFO 6924 --- [configuration-management-service] [           main] com.zaxxer.hikari.HikariDataSource       : HikariPool-1 - Start completed.
2024-08-11T19:44:28.323+05:30  WARN 6924 --- [configuration-management-service] [           main] org.hibernate.orm.deprecation            : HHH90000025: MySQLDialect does not need to be specified explicitly using 'hibernate.dialect' (remove the property setting and it will be selected by default)
2024-08-11T19:44:29.537+05:30  INFO 6924 --- [configuration-management-service] [           main] o.h.e.t.j.p.i.JtaPlatformInitiator       : HHH000489: No JTA platform available (set 'hibernate.transaction.jta.platform' to enable JTA platform integration)
Hibernate: alter table device modify column id bigint not null auto_increment
Hibernate: alter table device modify column device varchar(255)
Hibernate: alter table device add column device_name varchar(255)
2024-08-11T19:44:29.702+05:30  INFO 6924 --- [configuration-management-service] [           main] j.LocalContainerEntityManagerFactoryBean : Initialized JPA EntityManagerFactory for persistence unit 'default'
2024-08-11T19:44:30.449+05:30  WARN 6924 --- [configuration-management-service] [           main] JpaBaseConfiguration$JpaWebConfiguration : spring.jpa.open-in-view is enabled by default. Therefore, database queries may be performed during view rendering. Explicitly configure spring.jpa.open-in-view to disable this warning
2024-08-11T19:44:31.653+05:30  WARN 6924 --- [configuration-management-service] [           main] .s.s.UserDetailsServiceAutoConfiguration : 

Using generated security password: e79f2429-885b-4ddb-9596-267e4c963000

This generated password is for development use only. Your security configuration must be updated before running your application in production.

2024-08-11T19:44:31.684+05:30  INFO 6924 --- [configuration-management-service] [           main] r$InitializeUserDetailsManagerConfigurer : Global AuthenticationManager configured with UserDetailsService bean with name inMemoryUserDetailsManager
2024-08-11T19:44:31.903+05:30  INFO 6924 --- [configuration-management-service] [           main] o.s.b.a.e.web.EndpointLinksResolver      : Exposing 1 endpoint beneath base path '/actuator'
2024-08-11T19:44:32.231+05:30  INFO 6924 --- [configuration-management-service] [           main] urationManagementServiceApplicationTests : Started ConfigurationManagementServiceApplicationTests in 8.285 seconds (process running for 9.944)
]]></system-out>
    <system-err><![CDATA[WARNING: A Java agent has been loaded dynamically (C:\Users\dheer\.m2\repository\net\bytebuddy\byte-buddy-agent\1.14.18\byte-buddy-agent-1.14.18.jar)
WARNING: If a serviceability tool is in use, please run with -XX:+EnableDynamicAgentLoading to hide this warning
WARNING: If a serviceability tool is not in use, please run with -Djdk.instrument.traceUsage for more information
WARNING: Dynamic loading of agents will be disallowed by default in a future release
]]></system-err>
  </testcase>
</testsuite>